<?xml version="1.0" encoding="UTF-8"?>
<!-- Generated by org.testng.reporters.JUnitReportReporter -->
<testsuite hostname="LAPTOP-8D3VKVTV" failures="0" tests="2" name="automation.Functionaltesting" time="58.017" errors="0" timestamp="2024-03-11T20:32:40 IST" skipped="0">
  <testcase classname="automation.Functionaltesting" name="functionaltest" time="29.778"/>
  <system-out/>
  <testcase classname="automation.Functionaltesting" name="functionaltest" time="28.239"/>
  <system-out/>
</testsuite> <!-- automation.Functionaltesting -->
