<?xml version="1.0" encoding="UTF-8"?>
<!-- Generated by org.testng.reporters.JUnitReportReporter -->
<testsuite hostname="LAPTOP-8D3VKVTV" failures="0" tests="2" name="automation.Uitesting" time="194.446" errors="0" timestamp="2024-03-12T07:38:31 IST" skipped="0">
  <testcase classname="automation.Uitesting" name="testParameterWithXML1" time="98.078"/>
  <system-out/>
  <testcase classname="automation.Uitesting" name="testParameterWithXML1" time="96.368"/>
  <system-out/>
</testsuite> <!-- automation.Uitesting -->
